40100860 g     F .text	00000028 pvPortCalloc
401010ac g     F .text	00000013 strcpy
4010224c g     F .text	0000003e fabs
401064d8 g     F .text	0000003f wDev_EnableTransmit
40101730 g     F .text	00000119 log
40101a7c g     F .text	000000de sqrt
40101424 g     F .text	000000d6 cosh
40102d6c g     F .text	00000000 .hidden __eqdf2
4010651c g     F .text	0000001e wDev_DisableTransmit
40107c48 g     F .text	000003eb .hidden __divdi3
40100efc g     F .text	00000056 system_rtc_mem_read
40100fb8 g     F .text	0000002b printf
40100698 g     F .text	000000b7 ets_timer_arm_new
40107a8c g     F .text	00000000 .hidden __divsf3
40100930 g     F .text	00000057 spi_flash_get_id
40101014 g     F .text	00000027 snprintf
401001c8 g     F .text	00000052 NMI_Handler
40107b48 g     F .text	00000000 .hidden __fixsfsi
40104ba8 g     F .text	00000024 ppRollBackTxQ
40102d9c g     F .text	00000000 .hidden __gtdf2
40104bcc g     F .text	0000000f ppRecordBarRRC
40101e5c g     F .text	00000113 logf
4010126c g     F .text	00000010 isblank
401009c0 g     F .text	0000002d spi_flash_write_status
401075dc g     F .text	00000017 mdns_set_name
4010653c g     F .text	00000045 Tx_Copy2Queue
401077b4 g     F .text	00000000 .hidden __subsf3
40103950 g     F .text	0000000b GetAccess
40103038 g     F .text	00000007 register_get_phy_addr
40102178 g     F .text	000000d3 sqrtf
40100180 g     F .text	00000032 Cache_Read_Enable_New
40101068 g     F .text	00000013 memcpy
4010540c g     F .text	0000007b ppCalTxop
401075fc g     F .text	0000001c mdns_enable
4010680c g     F .text	000000ed wDev_AppendRxAmpduLensBlocks
40101284 g     F .text	00000023 _Z15do_global_ctorsv
40108400 g     F .text	00000000 .hidden __floatsidf
40102e48 g     F .text	00000000 .hidden __ltdf2
401057f8 g     F .text	0000005a rcUpdateRxDone
40104304 g     F .text	00000048 lmacProcessCtsTimeout
40100fa0 g     F .text	00000017 puts
40100820 g     F .text	0000003a vPortFree
40101188 g     F .text	0000000e islower
401022bc g     F .text	0000009d __fpclassifyd
4010124c g     F .text	0000000e tolower
40100f54 g     F .text	00000019 malloc
40108370 g     F .text	0000004c .hidden __udivsi3
40104af0 g     F .text	0000004d ppGetTxQFirstAvail_Locked
40105378 g     F .text	00000020 ppDiscardMPDU
40100a70 g     F .text	00000026 spi_flash_read
4010103c g     F .text	00000013 vsnprintf
401024f0 g     F .text	00000000 .hidden __lesf2
40103018 g     F .text	0000001d register_phy_ops
40105764 g     F .text	00000094 rcUpdateTxDone
4010241c g     F .text	00000089 __fpclassifyf
401011d4 g     F .text	00000027 ispunct
401023e8 g     F .text	00000034 finitef
40103228 g     F .text	00000015 lmacIsIdle
4010591c g     F .text	0000005b rcGetRate
401023bc g     F .text	0000002a fabsf
40105518 g     F .text	0000000b RC_GetAckRate
40101200 g     F .text	0000001e isspace
40100004 g     F .text	00000000 call_user_start
4010692c g     F .text	00000017 wDevDisableRx
40108478 g     F .text	00000000 xthal_set_intclear
40102f78 g     F .text	00000000 .hidden __extendsfdf2
40106de4 g     F .text	00000048 esf_rx_buf_alloc
401025ec g     F .text	00000000 .hidden __adddf3
401024a8 g     F .text	00000000 .hidden __nesf2
40106e38 g     F .text	00000123 esf_buf_alloc
40108034 g     F .text	0000033a .hidden __umoddi3
40107618 g     F .text	0000001b mdns_disable
40108480 g     F .text	00000002 ram_tx_mac_disable
40107650 g     F .text	00000060 mdns_set_hostname
40105870 g     F .text	000000a6 rcGetSched
40107638 g     F .text	00000011 mdns_get_hostname
40100e70 g     F .text	00000030 system_os_post
401083f8 g     F .text	00000000 .hidden __floatunsidf
40100a20 g     F .text	0000004a spi_flash_write
4010076c g     F .text	000000b3 pvPortMalloc
40104350 g     F .text	0000003c lmacProcessAckTimeout
40103040 g     F .text	00000018 phy_change_channel
40101230 g     F .text	0000001c isxdigit
4010089c g     F .text	00000038 pvPortRealloc
4010710c g     F .text	0000002a chm_return_home_channel
40103e84 g     F .text	0000005c lmacProcessCollisions
401001b8 g     F .text	00000007 NmiTimSetFunc
401075bc g     F .text	00000019 mdns_close
40100b70 g     F .text	000000ca system_restart_local
40107bdc g     F .text	00000000 .hidden __fixdfsi
40105524 g     F .text	0000000b RC_GetRtsRate
40103eec g     F .text	00000077 lmacProcessCollision
401024d0 g     F .text	00000000 .hidden __gtsf2
401012bc g     F .text	00000014 user_rf_pre_init
40102dc0 g     F .text	00000000 .hidden __ledf2
401083bc g     F .text	00000039 .hidden __umodsi3
40104768 g     F .text	00000058 ppRecycleRxPkt
401047c0 g     F .text	000000d3 ppCheckTxIdle
40107c24 g     F .text	00000021 .hidden __popcountsi2
40101d8c g     F .text	000000cf hypotf
401066a8 g     F .text	0000015d wDev_AppendRxBlocks
4010438c g     F .text	00000008 lmacProcessRtsStart
40103818 g     F .text	000000ce lmacProcessTxSuccess
40101f70 g     F .text	00000117 log10f
40107044 g     F .text	0000002d scan_pm_channel_op_cb
40108570 g     F .text	00000018 .hidden __ashrdi3
40105d30 g     F .text	00000015 rcReachRetryLimit
40101108 g     F .text	00000013 strstr
40100ea4 g     F .text	00000056 system_rtc_mem_write
40101b80 g     F .text	000000cb coshf
401065b8 g     F .text	00000017 wDev_ClearTxqCollisions
401013f8 g     F .text	0000002b atan2
40108590 g     F .text	00000000 .hidden __floatsisf
40101220 g     F .text	0000000e isupper
401010d8 g     F .text	00000013 strncmp
401061a8 g     F .text	00000329 wDev_ProcessFiq
40107148 g     F .text	00000019 dns_tmr
401010f0 g     F .text	00000013 strncpy
40101978 g     F .text	00000102 sinh
401024a8 g     F .text	00000000 .hidden __eqsf2
4010184c g     F .text	00000129 log10
401012a8 g     F .text	0000000f _Z9init_donev
40103658 g     F .text	00000094 lmacProcessTXStartData
40100f80 g     F .text	00000019 realloc
401068fc g     F .text	0000002d wDev_GetBAInfo
4010468c g     F .text	00000016 lmacRxDone
40101054 g     F .text	00000013 memcmp
40107078 g     F .text	00000043 chm_acquire_lock
4010111c g     F .text	00000014 isalpha
40102c48 g     F .text	00000000 .hidden __divdf3
40106584 g     F .text	00000023 wDev_ProcessCollision
401029a4 g     F .text	00000000 .hidden __muldf3
401044d8 g     F .text	0000013d lmacTxFrame
4010107c g     F .text	00000013 memset
40100e38 g     F .text	00000014 system_phy_temperature_alert
40104b80 g     F .text	00000026 ppDequeueTxQ
4010255c g     F .text	00000000 .hidden __ltsf2
401075b0 g     F .text	00000007 getPcb
4010235c g     F .text	00000035 matherr
40107138 g     F .text	00000007 chm_get_current_channel
40102ed8 g     F .text	00000000 .hidden __truncdfsf2
40104c00 g     F .text	00000034 ppEnqueueTxDone
40100888 g     F .text	00000013 pvPortZalloc
401046d8 g     F .text	00000079 pp_soft_wdt_feed
401011b0 g     F .text	00000021 isgraph
40101130 g     F .text	00000025 isalnum
40101198 g     F .text	00000018 isprint
401014fc g     F .text	0000014e exp
401084c0 g     F .text	00000064 .hidden __divsi3
40107928 g     F .text	00000000 .hidden __mulsf3
4010228c g     F .text	00000030 finite
40100220 g     F .text	00000015 call_user_start_local
40101094 g     F .text	00000013 strcmp
4010395c g     F .text	00000013 lmacDiscardAgedMSDU
40103064 g     F .text	0000002c unsign_to_sign
40102d6c g     F .text	00000000 .hidden __nedf2
40100fe8 g     F .text	00000028 sprintf
40105488 g     F .text	00000070 ppCalFrameTimes
401035f8 g     F .text	00000053 lmacSetAcParam
4010253c g     F .text	00000000 .hidden __gesf2
4010098c g     F .text	0000002d spi_flash_read_status
40105534 g     F .text	00000014 RC_GetAckTime
40101b5c g     F .text	00000023 atan2f
40106f5c g     F .text	000000e2 esf_buf_recycle
40104444 g     F .text	0000007e lmacProcessTxError
401009f4 g     F .text	00000028 spi_flash_erase_sector
40105d48 g     F .text	000000b5 trc_NeedRTS
401043a4 g     F .text	00000092 lmacProcessTxRtsError
40104c70 g     F .text	00000016 ppEnqueueRxq
40105548 g     F .text	00000036 RC_GetCtsTime
40104b40 g     F .text	0000003e ppFetchTxQFirstAvail
40102394 g     F .text	00000027 nan
40100aac g     F .text	000000ae os_printf_plus
40101178 g     F .text	0000000e isdigit
40103058 g     F .text	0000000b phy_get_mactime
40103970 g     F .text	00000022 lmacRecycleMPDU
401025a8 g     F .text	00000000 .hidden __unordsf2
40104a78 g     F .text	00000076 ppProcessTxQ
401012d8 g     F .text	00000015 user_init
401008d4 g     F .text	00000002 vPortInitialiseBlocks
40108588 g     F .text	00000000 .hidden __floatunsisf
40108524 g     F .text	00000049 .hidden __modsi3
40101158 g     F .text	0000001d iscntrl
40102eac g     F .text	00000000 .hidden __unorddf2
40105854 g     F .text	00000002 rcUpdateDataRxDone
40107b88 g     F .text	00000000 .hidden __fixunssfsi
40101c4c g     F .text	0000013f expf
40102fd8 g     F .text	00000036 .hidden __muldi3
40107578 g     F .text	00000032 espconn_port
401010c0 g     F .text	00000013 strlen
4010125c g     F .text	0000000e toupper
40102e24 g     F .text	00000000 .hidden __gedf2
401070d4 g     F .text	00000034 chm_cancel_op
40102088 g     F .text	000000ef sinhf
40104754 g     F .text	0000000f ppProcessWaitQ
401065a8 g     F .text	0000000e wDev_GetTxqCollisions
4010312c g     F .text	000000b5 pm_rtc_clock_cali
4010309c g     F .text	00000087 phy_get_bb_freqoffset
401053e0 g     F .text	00000022 pp_post2
40103214 g     F .text	0000000f lmacIsActive
401031e4 g     F .text	0000002b clockgate_watchdog
40103f64 g     F .text	00000004 lmacMSDUAged
40105580 g     F .text	0000003a RC_GetBlockAckTime
40100e54 g     F .text	00000012 system_get_time
4010164c g     F .text	000000e2 hypot
4010273c g     F .text	00000000 .hidden __subdf3
40108430 g     F .text	00000048 .hidden __umulsidi3
40106644 g     F .text	0000005b wDev_SetFrameAckType
4010539c g     F .text	00000044 pp_post
401076cc g     F .text	00000000 .hidden __addsf3
401065d4 g     F .text	00000047 wDev_SetWaitingQueue
40100f70 g     F .text	0000000f free
40104bdc g     F .text	0000001b ppTxqUpdateBitmap
40106620 g     F .text	0000001e wDev_ClearWaitingQueue
401070bc g     F .text	00000011 chm_release_lock
